2023/02/10 11:05:11 PM 
=======================================
2023/02/10 11:05:11 PM Program.Start Product=PasswordManager, Version=10.5.3.11
2023/02/10 11:05:11 PM Program.InitLog
2023/02/10 11:05:11 PM Program.InitCustomize
2023/02/10 11:05:12 PM InitDataBaseInfo Success
2023/02/10 11:05:12 PM os version: 
2023/02/10 11:05:12 PM 10.16
2023/02/10 11:05:12 PM ===Display resolution:1280 x 800
2023/02/10 11:05:14 PM RegisterUSBDevicesNotify handle:140471795094816
2023/02/10 11:05:14 PM MacMonitorTask start=============================
2023/02/10 11:05:14 PM ConnectionScanTask start
2023/02/10 11:05:14 PM ConnectionScanTask End
2023/02/10 11:05:14 PM [data_event]---GetClientsign Exceptionget_clientsign
2023/02/10 11:05:14 PM start CreateClientSign
2023/02/10 11:05:15 PM CreateClientSign FailedClientSignWin32.dll
2023/02/10 11:05:17 PM Task  happend error: 
2023/02/10 11:05:17 PM WebException: The remote server returned an error: (400) Bad Request.
2023/02/10 11:05:17 PM   at System.Net.HttpWebRequest+<GetResponseFromData>d__247.MoveNext () [0x00152] in <cea77d7bab8b472da697a3b6e78ef65f>:0 
--- End of stack trace from previous location where exception was thrown ---
  at System.Net.HttpWebRequest+<RunWithTimeoutWorker>d__244`1[T].MoveNext () [0x000ba] in <cea77d7bab8b472da697a3b6e78ef65f>:0 
--- End of stack trace from previous location where exception was thrown ---
  at System.Net.HttpWebRequest.GetResponse () [0x00013] in <cea77d7bab8b472da697a3b6e78ef65f>:0 
  at System.Net.WebClient.GetWebResponse (System.Net.WebRequest request) [0x00000] in <cea77d7bab8b472da697a3b6e78ef65f>:0 
  at System.Net.WebClient.DownloadBits (System.Net.WebRequest request, System.IO.Stream writeStream) [0x000e6] in <cea77d7bab8b472da697a3b6e78ef65f>:0 
  at System.Net.WebClient.UploadBits (System.Net.WebRequest request, System.IO.Stream readStream, System.Byte[] buffer, System.Int32 chunkSize, System.Byte[] header, System.Byte[] footer) [0x000f5] in <cea77d7bab8b472da697a3b6e78ef65f>:0 
  at System.Net.WebClient.UploadValues (System.Uri address, System.String method, System.Collections.Specialized.NameValueCollection data) [0x00098] in <cea77d7bab8b472da697a3b6e78ef65f>:0 
  at System.Net.WebClient.UploadValues (System.String address, System.Collections.Specialized.NameValueCollection data) [0x00008] in <cea77d7bab8b472da697a3b6e78ef65f>:0 
  at (wrapper remoting-invoke-with-check) System.Net.WebClient.UploadValues(string,System.Collections.Specialized.NameValueCollection)
  at Wondershare.Common.SupportCenter.TokenTask.OnWork (System.Object workUserState) [0x000ac] in <2657208955324f42a19df626fa38dde0>:0 
  at WMM.Device.AsyncTask.DoWork (System.Object workUserState) [0x000ab] in <6998ee7d88264407937ebad3fd904073>:0 
2023/02/10 11:05:17 PM NullReferenceException: Object reference not set to an instance of an object
2023/02/10 11:05:17 PM   at Wondershare.Common.SupportCenter.TokenManager.task_Completed (System.Object sender, WMM.Device.SyncCompletedEventArgs e) [0x00023] in <2657208955324f42a19df626fa38dde0>:0 
  at (wrapper delegate-invoke) <Module>.invoke_void_object_SyncCompletedEventArgs(object,WMM.Device.SyncCompletedEventArgs)
  at WMM.Device.BaseAsyncTask.OnCompleted (WMM.Device.SyncCompletedEventArgs e) [0x00044] in <6998ee7d88264407937ebad3fd904073>:0 
  at WMM.Device.AsyncTask.OnCompleted (WMM.Device.SyncCompletedEventArgs e) [0x00000] in <6998ee7d88264407937ebad3fd904073>:0 
  at WMM.Device.BaseAsyncTask.Complete (WMM.Device.SyncCompletedEventArgs e) [0x00090] in <6998ee7d88264407937ebad3fd904073>:0 
  at WMM.Device.AsyncTask.Complete (WMM.Device.SyncCompletedEventArgs e) [0x0000e] in <6998ee7d88264407937ebad3fd904073>:0 
  at WMM.Device.AsyncTask.DoWork (System.Object workUserState) [0x0019c] in <6998ee7d88264407937ebad3fd904073>:0 
2023/02/10 11:08:07 PM Add device: TSBEONN7PZYLLZRO
2023/02/10 11:08:07 PM ConnectionHub OnDeviceArrival:IOService:/IOResources/AppleUSBHostResources/AppleUSBLegacyRoot/AppleUSBXHCI@14000000/CPH2273@14200000
2023/02/10 11:08:07 PM AddUSBConnection device: IOService:/IOResources/AppleUSBHostResources/AppleUSBLegacyRoot/AppleUSBXHCI@14000000/CPH2273@14200000
2023/02/10 11:08:17 PM Download Driver DB Ok, Version=4.0.1428646627
2023/02/10 11:08:17 PM Replace DriverDb Ok
2023/02/10 11:10:38 PM 
=======================================
2023/02/10 11:10:38 PM Program.Start Product=PasswordManager, Version=10.5.3.11
2023/02/10 11:10:38 PM Program.InitLog
2023/02/10 11:10:38 PM Program.InitCustomize
2023/02/10 11:10:38 PM InitDataBaseInfo Success
2023/02/10 11:10:39 PM os version: 
2023/02/10 11:10:39 PM 10.16
2023/02/10 11:10:39 PM ===Display resolution:1280 x 800
2023/02/10 11:10:41 PM RegisterUSBDevicesNotify handle:140566772058720
2023/02/10 11:10:41 PM MacMonitorTask start=============================
2023/02/10 11:10:41 PM Add device: TSBEONN7PZYLLZRO
2023/02/10 11:10:41 PM ConnectionHub OnDeviceArrival:IOService:/IOResources/AppleUSBHostResources/AppleUSBLegacyRoot/AppleUSBXHCI@14000000/CPH2273@14200000
2023/02/10 11:10:41 PM AddUSBConnection device: IOService:/IOResources/AppleUSBHostResources/AppleUSBLegacyRoot/AppleUSBXHCI@14000000/CPH2273@14200000
2023/02/10 11:10:41 PM ConnectionScanTask start
2023/02/10 11:10:41 PM ConnectionScanTask End
2023/02/10 11:10:41 PM [data_event]---GetClientsign Exceptionget_clientsign
2023/02/10 11:10:41 PM start CreateClientSign
2023/02/10 11:10:41 PM CreateClientSign FailedClientSignWin32.dll
2023/02/10 11:10:43 PM Task  happend error: 
2023/02/10 11:10:43 PM WebException: The remote server returned an error: (400) Bad Request.
2023/02/10 11:10:43 PM   at System.Net.HttpWebRequest+<GetResponseFromData>d__247.MoveNext () [0x00152] in <cea77d7bab8b472da697a3b6e78ef65f>:0 
--- End of stack trace from previous location where exception was thrown ---
  at System.Net.HttpWebRequest+<RunWithTimeoutWorker>d__244`1[T].MoveNext () [0x000ba] in <cea77d7bab8b472da697a3b6e78ef65f>:0 
--- End of stack trace from previous location where exception was thrown ---
  at System.Net.HttpWebRequest.GetResponse () [0x00013] in <cea77d7bab8b472da697a3b6e78ef65f>:0 
  at System.Net.WebClient.GetWebResponse (System.Net.WebRequest request) [0x00000] in <cea77d7bab8b472da697a3b6e78ef65f>:0 
  at System.Net.WebClient.DownloadBits (System.Net.WebRequest request, System.IO.Stream writeStream) [0x000e6] in <cea77d7bab8b472da697a3b6e78ef65f>:0 
  at System.Net.WebClient.UploadBits (System.Net.WebRequest request, System.IO.Stream readStream, System.Byte[] buffer, System.Int32 chunkSize, System.Byte[] header, System.Byte[] footer) [0x000f5] in <cea77d7bab8b472da697a3b6e78ef65f>:0 
  at System.Net.WebClient.UploadValues (System.Uri address, System.String method, System.Collections.Specialized.NameValueCollection data) [0x00098] in <cea77d7bab8b472da697a3b6e78ef65f>:0 
  at System.Net.WebClient.UploadValues (System.String address, System.Collections.Specialized.NameValueCollection data) [0x00008] in <cea77d7bab8b472da697a3b6e78ef65f>:0 
  at (wrapper remoting-invoke-with-check) System.Net.WebClient.UploadValues(string,System.Collections.Specialized.NameValueCollection)
  at Wondershare.Common.SupportCenter.TokenTask.OnWork (System.Object workUserState) [0x000ac] in <2657208955324f42a19df626fa38dde0>:0 
  at WMM.Device.AsyncTask.DoWork (System.Object workUserState) [0x000ab] in <6998ee7d88264407937ebad3fd904073>:0 
2023/02/10 11:10:43 PM NullReferenceException: Object reference not set to an instance of an object
2023/02/10 11:10:43 PM   at Wondershare.Common.SupportCenter.TokenManager.task_Completed (System.Object sender, WMM.Device.SyncCompletedEventArgs e) [0x00023] in <2657208955324f42a19df626fa38dde0>:0 
  at (wrapper delegate-invoke) <Module>.invoke_void_object_SyncCompletedEventArgs(object,WMM.Device.SyncCompletedEventArgs)
  at WMM.Device.BaseAsyncTask.OnCompleted (WMM.Device.SyncCompletedEventArgs e) [0x00044] in <6998ee7d88264407937ebad3fd904073>:0 
  at WMM.Device.AsyncTask.OnCompleted (WMM.Device.SyncCompletedEventArgs e) [0x00000] in <6998ee7d88264407937ebad3fd904073>:0 
  at WMM.Device.BaseAsyncTask.Complete (WMM.Device.SyncCompletedEventArgs e) [0x00090] in <6998ee7d88264407937ebad3fd904073>:0 
  at WMM.Device.AsyncTask.Complete (WMM.Device.SyncCompletedEventArgs e) [0x0000e] in <6998ee7d88264407937ebad3fd904073>:0 
  at WMM.Device.AsyncTask.DoWork (System.Object workUserState) [0x0019c] in <6998ee7d88264407937ebad3fd904073>:0 
